{"C:\\Users\\devsa\\OneDrive\\Documentos\\erp-alisson-v2\\src\\lib\\modules\\auth\\domain\\errors.ts": {"path":"C:\\Users\\devsa\\OneDrive\\Documentos\\erp-alisson-v2\\src\\lib\\modules\\auth\\domain\\errors.ts","statementMap":{"0":{"start":{"line":4,"column":4},"end":{"line":4,"column":null}},"1":{"start":{"line":2,"column":9},"end":{"line":2,"column":null}},"2":{"start":{"line":11,"column":4},"end":{"line":11,"column":null}},"3":{"start":{"line":9,"column":9},"end":{"line":9,"column":null}},"4":{"start":{"line":18,"column":4},"end":{"line":18,"column":null}},"5":{"start":{"line":16,"column":9},"end":{"line":16,"column":null}},"6":{"start":{"line":25,"column":4},"end":{"line":25,"column":null}},"7":{"start":{"line":23,"column":9},"end":{"line":23,"column":null}}},"fnMap":{"0":{"name":"constructor","decl":{"start":{"line":3,"column":2},"end":{"line":3,"column":14}},"loc":{"start":{"line":3,"column":30},"end":{"line":5,"column":null}},"line":3},"1":{"name":"constructor_2","decl":{"start":{"line":10,"column":2},"end":{"line":10,"column":16}},"loc":{"start":{"line":10,"column":16},"end":{"line":12,"column":null}},"line":10},"2":{"name":"constructor_3","decl":{"start":{"line":17,"column":2},"end":{"line":17,"column":14}},"loc":{"start":{"line":17,"column":48},"end":{"line":19,"column":null}},"line":17},"3":{"name":"constructor_4","decl":{"start":{"line":24,"column":2},"end":{"line":24,"column":14}},"loc":{"start":{"line":24,"column":28},"end":{"line":26,"column":null}},"line":24}},"branchMap":{"0":{"loc":{"start":{"line":4,"column":10},"end":{"line":4,"column":79}},"type":"cond-expr","locations":[{"start":{"line":4,"column":18},"end":{"line":4,"column":55}},{"start":{"line":4,"column":55},"end":{"line":4,"column":79}}],"line":4},"1":{"loc":{"start":{"line":18,"column":10},"end":{"line":18,"column":90}},"type":"cond-expr","locations":[{"start":{"line":18,"column":29},"end":{"line":18,"column":75}},{"start":{"line":18,"column":75},"end":{"line":18,"column":90}}],"line":18},"2":{"loc":{"start":{"line":18,"column":10},"end":{"line":18,"column":29}},"type":"binary-expr","locations":[{"start":{"line":18,"column":10},"end":{"line":18,"column":20}},{"start":{"line":18,"column":20},"end":{"line":18,"column":29}}],"line":18}},"s":{"0":2,"1":2,"2":1,"3":1,"4":2,"5":2,"6":1,"7":1},"f":{"0":2,"1":1,"2":2,"3":1},"b":{"0":[1,1],"1":[1,1],"2":[2,1]},"meta":{"lastBranch":3,"lastFunction":4,"lastStatement":8,"seen":{"f:3:2:3:14":0,"s:4:4:4:Infinity":0,"b:4:18:4:55:4:55:4:79":0,"s:2:9:2:Infinity":1,"f:10:2:10:16":1,"s:11:4:11:Infinity":2,"s:9:9:9:Infinity":3,"f:17:2:17:14":2,"s:18:4:18:Infinity":4,"b:18:29:18:75:18:75:18:90":1,"b:18:10:18:20:18:20:18:29":2,"s:16:9:16:Infinity":5,"f:24:2:24:14":3,"s:25:4:25:Infinity":6,"s:23:9:23:Infinity":7},"fnNames":{}}}
}
